npm verb cli C:\Program Files\nodejs\node.exe C:\Program Files\nodejs\node_modules\npm\bin\npm-cli.js
npm info using npm@10.5.0
npm info using node@v21.7.1
npm verb title npm install
npm verb argv "install" "--legacy-peer-deps" "--loglevel" "verbose"
npm verb logfile logs-max:10 dir:C:\Users\Chris\AppData\Local\npm-cache\_logs\2024-08-13T16_38_32_069Z-
npm verb logfile C:\Users\Chris\AppData\Local\npm-cache\_logs\2024-08-13T16_38_32_069Z-debug-0.log
npm http fetch GET 200 https://registry.npmjs.org/@faker-js%2ffaker 667ms (cache revalidated)
npm http fetch GET 200 https://registry.npmjs.org/cypress-mochawesome-reporter 4ms (cache hit)
npm http fetch GET 200 https://registry.npmjs.org/browserstack-cypress-cli 727ms (cache revalidated)
npm http fetch GET 200 https://registry.npmjs.org/cypress 769ms (cache revalidated)
npm http fetch GET 200 https://registry.npmjs.org/cli-progress 148ms (cache revalidated)
npm http fetch GET 200 https://registry.npmjs.org/node-ipc 161ms (cache revalidated)
npm http fetch GET 200 https://registry.npmjs.org/fs-extra 165ms (cache revalidated)
npm http fetch GET 200 https://registry.npmjs.org/async 172ms (cache revalidated)
npm http fetch GET 200 https://registry.npmjs.org/table 48ms (cache revalidated)
npm http fetch GET 200 https://registry.npmjs.org/glob 252ms (cache revalidated)
npm http fetch GET 200 https://registry.npmjs.org/chalk 258ms (cache revalidated)
npm http fetch GET 200 https://registry.npmjs.org/mocha 261ms (cache revalidated)
npm http fetch GET 200 https://registry.npmjs.org/windows-release 70ms (cache revalidated)
npm http fetch GET 200 https://registry.npmjs.org/mkdirp 284ms (cache revalidated)
npm http fetch GET 200 https://registry.npmjs.org/request 285ms (cache revalidated)
npm http fetch GET 200 https://registry.npmjs.org/dayjs 67ms (cache revalidated)
npm http fetch GET 200 https://registry.npmjs.org/update-notifier 194ms (cache revalidated)
npm http fetch GET 200 https://registry.npmjs.org/uuid 191ms (cache revalidated)
npm http fetch GET 200 https://registry.npmjs.org/gitconfiglocal 374ms (cache revalidated)
npm http fetch GET 200 https://registry.npmjs.org/debug 53ms (cache revalidated)
npm http fetch GET 200 https://registry.npmjs.org/yargs 203ms (cache revalidated)
npm http fetch GET 200 https://registry.npmjs.org/yauzl 55ms (cache revalidated)
npm http fetch GET 200 https://registry.npmjs.org/tmp 186ms (cache revalidated)
npm http fetch GET 200 https://registry.npmjs.org/execa 111ms (cache revalidated)
npm http fetch GET 200 https://registry.npmjs.org/arch 189ms (cache revalidated)
npm http fetch GET 200 https://registry.npmjs.org/decompress 201ms (cache revalidated)
npm http fetch GET 200 https://registry.npmjs.org/winston 231ms (cache revalidated)
npm http fetch GET 200 https://registry.npmjs.org/lodash 52ms (cache revalidated)
npm http fetch GET 200 https://registry.npmjs.org/getos 163ms (cache revalidated)
npm http fetch GET 200 https://registry.npmjs.org/listr2 63ms (cache revalidated)
npm http fetch GET 200 https://registry.npmjs.org/is-ci 193ms (cache revalidated)
npm http fetch GET 200 https://registry.npmjs.org/enquirer 53ms (cache revalidated)
npm http fetch GET 200 https://registry.npmjs.org/archiver 596ms (cache revalidated)
npm http fetch GET 200 https://registry.npmjs.org/minimist 45ms (cache revalidated)
npm http fetch GET 200 https://registry.npmjs.org/figures 172ms (cache revalidated)
npm http fetch GET 200 https://registry.npmjs.org/buffer 192ms (cache revalidated)
npm http fetch GET 200 https://registry.npmjs.org/semver 188ms (cache revalidated)
npm http fetch GET 200 https://registry.npmjs.org/process 184ms (cache revalidated)
npm http fetch GET 200 https://registry.npmjs.org/cachedir 180ms (cache revalidated)
npm http fetch GET 200 https://registry.npmjs.org/cli-table3 51ms (cache revalidated)
npm http fetch GET 200 https://registry.npmjs.org/commander 80ms (cache revalidated)
npm http fetch GET 200 https://registry.npmjs.org/bluebird 199ms (cache revalidated)
npm http fetch GET 200 https://registry.npmjs.org/log-symbols 48ms (cache revalidated)
npm http fetch GET 200 https://registry.npmjs.org/lazy-ass 204ms (cache revalidated)
npm http fetch GET 200 https://registry.npmjs.org/pretty-bytes 70ms (cache revalidated)
npm http fetch GET 200 https://registry.npmjs.org/browserstack-local 818ms (cache revalidated)
npm http fetch GET 200 https://registry.npmjs.org/getmac 827ms (cache revalidated)
npm http fetch GET 200 https://registry.npmjs.org/untildify 183ms (cache revalidated)
npm http fetch GET 200 https://registry.npmjs.org/requestretry 688ms (cache revalidated)
npm http fetch GET 200 https://registry.npmjs.org/cli-cursor 178ms (cache revalidated)
npm http fetch GET 200 https://registry.npmjs.org/executable 175ms (cache revalidated)
npm http fetch GET 200 https://registry.npmjs.org/@cypress%2fxvfb 82ms (cache revalidated)
npm http fetch GET 200 https://registry.npmjs.org/git-last-commit 864ms (cache revalidated)
npm http fetch GET 200 https://registry.npmjs.org/common-tags 172ms (cache revalidated)
npm http fetch GET 200 https://registry.npmjs.org/check-more-types 47ms (cache revalidated)
npm http fetch GET 200 https://registry.npmjs.org/extract-zip 211ms (cache revalidated)
npm http fetch GET 200 https://registry.npmjs.org/@types%2fsinonjs__fake-timers 79ms (cache revalidated)
npm http fetch GET 200 https://registry.npmjs.org/mochawesome-report-generator 50ms (cache revalidated)
npm http fetch GET 200 https://registry.npmjs.org/eventemitter2 187ms (cache revalidated)
npm http fetch GET 200 https://registry.npmjs.org/supports-color 162ms (cache revalidated)
npm http fetch GET 200 https://registry.npmjs.org/is-installed-globally 168ms (cache revalidated)
npm http fetch GET 200 https://registry.npmjs.org/request-progress 184ms (cache revalidated)
npm http fetch GET 200 https://registry.npmjs.org/proxy-from-env 210ms (cache revalidated)
npm http fetch GET 200 https://registry.npmjs.org/mochawesome-merge 166ms (cache revalidated)
npm http fetch GET 200 https://registry.npmjs.org/@types%2fsizzle 370ms (cache revalidated)
npm http fetch GET 200 https://registry.npmjs.org/git-repo-info 1157ms (cache revalidated)
npm http fetch GET 200 https://registry.npmjs.org/ospath 760ms (cache revalidated)
npm http fetch GET 200 https://registry.npmjs.org/blob-util 746ms (cache revalidated)
npm http fetch GET 200 https://registry.npmjs.org/@cypress%2frequest 548ms (cache revalidated)
npm http fetch GET 200 https://registry.npmjs.org/mochawesome 744ms (cache revalidated)
npm http fetch GET 200 https://registry.npmjs.org/https-proxy-agent 55ms (cache revalidated)
npm http fetch GET 200 https://registry.npmjs.org/archiver-utils 59ms (cache revalidated)
npm http fetch GET 200 https://registry.npmjs.org/buffer-crc32 62ms (cache revalidated)
npm http fetch GET 200 https://registry.npmjs.org/graceful-fs 46ms (cache revalidated)
npm http fetch GET 200 https://registry.npmjs.org/decompress-unzip 52ms (cache revalidated)
npm http fetch GET 200 https://registry.npmjs.org/pify 50ms (cache revalidated)
npm http fetch GET 200 https://registry.npmjs.org/make-dir 57ms (cache revalidated)
npm http fetch GET 200 https://registry.npmjs.org/zip-stream 180ms (cache revalidated)
npm http fetch GET 200 https://registry.npmjs.org/ansi-styles 182ms (cache revalidated)
npm http fetch GET 200 https://registry.npmjs.org/string-width 183ms (cache revalidated)
npm http fetch GET 200 https://registry.npmjs.org/tar-stream 185ms (cache revalidated)
npm http fetch GET 200 https://registry.npmjs.org/readdir-glob 188ms (cache revalidated)
npm http fetch GET 200 https://registry.npmjs.org/readable-stream 190ms (cache revalidated)
npm http fetch GET 200 https://registry.npmjs.org/decompress-tarbz2 191ms (cache revalidated)
npm http fetch GET 200 https://registry.npmjs.org/agent-base 194ms (cache revalidated)
npm http fetch GET 200 https://registry.npmjs.org/strip-dirs 56ms (cache revalidated)
npm http fetch GET 200 https://registry.npmjs.org/jsonfile 52ms (cache revalidated)
npm http fetch GET 200 https://registry.npmjs.org/decompress-targz 178ms (cache revalidated)
npm http fetch GET 200 https://registry.npmjs.org/fs.realpath 53ms (cache revalidated)
npm http fetch GET 200 https://registry.npmjs.org/ini 66ms (cache revalidated)
npm http fetch GET 200 https://registry.npmjs.org/path-is-absolute 45ms (cache revalidated)
npm http fetch GET 200 https://registry.npmjs.org/ansi-colors 45ms (cache revalidated)
npm http fetch GET 200 https://registry.npmjs.org/chokidar 46ms (cache revalidated)
npm http fetch GET 200 https://registry.npmjs.org/diff 49ms (cache revalidated)
npm http fetch GET 200 https://registry.npmjs.org/escape-string-regexp 52ms (cache revalidated)
npm http fetch GET 200 https://registry.npmjs.org/find-up 65ms (cache revalidated)
npm http fetch GET 200 https://registry.npmjs.org/universalify 170ms (cache revalidated)
npm http fetch GET 200 https://registry.npmjs.org/inflight 166ms (cache revalidated)
npm http fetch GET 200 https://registry.npmjs.org/once 174ms (cache revalidated)
npm http fetch GET 200 https://registry.npmjs.org/decompress-tar 363ms (cache revalidated)
npm http fetch GET 200 https://registry.npmjs.org/minimatch 51ms (cache revalidated)
npm http fetch GET 200 https://registry.npmjs.org/ms 42ms (cache revalidated)
npm http fetch GET 200 https://registry.npmjs.org/minimatch 181ms (cache revalidated)
npm http fetch GET 200 https://registry.npmjs.org/inherits 209ms (cache revalidated)
npm http fetch GET 200 https://registry.npmjs.org/browser-stdout 170ms (cache revalidated)
npm http fetch GET 200 https://registry.npmjs.org/yargs-unparser 44ms (cache revalidated)
npm http fetch GET 200 https://registry.npmjs.org/aws4 45ms (cache revalidated)
npm http fetch GET 200 https://registry.npmjs.org/qs 56ms (cache revalidated)
npm http fetch GET 200 https://registry.npmjs.org/js-yaml 167ms (cache revalidated)
npm http fetch GET 200 https://registry.npmjs.org/he 203ms (cache revalidated)
npm http fetch GET 200 https://registry.npmjs.org/caseless 47ms (cache revalidated)
npm http fetch GET 200 https://registry.npmjs.org/serialize-javascript 161ms (cache revalidated)
npm http fetch GET 200 https://registry.npmjs.org/isstream 47ms (cache revalidated)
npm http fetch GET 200 https://registry.npmjs.org/strip-json-comments 168ms (cache revalidated)
npm http fetch GET 200 https://registry.npmjs.org/extend 70ms (cache revalidated)
npm http fetch GET 200 https://registry.npmjs.org/@types%2fnode 359ms (cache revalidated)
npm http fetch GET 200 https://registry.npmjs.org/form-data 86ms (cache revalidated)
npm http fetch GET 200 https://registry.npmjs.org/oauth-sign 82ms (cache revalidated)
npm http fetch GET 200 https://registry.npmjs.org/js-message 224ms (cache revalidated)
npm http fetch GET 200 https://registry.npmjs.org/event-pubsub 198ms (cache revalidated)
npm http fetch GET 200 https://registry.npmjs.org/tough-cookie 70ms (cache revalidated)
npm http fetch GET 200 https://registry.npmjs.org/yargs-parser 255ms (cache revalidated)
npm http fetch GET 200 https://registry.npmjs.org/js-queue 262ms (cache revalidated)
npm http fetch GET 200 https://registry.npmjs.org/forever-agent 62ms (cache revalidated)
npm http fetch GET 200 https://registry.npmjs.org/mime-types 157ms (cache revalidated)
npm http fetch GET 200 https://registry.npmjs.org/json-stringify-safe 40ms (cache revalidated)
npm http fetch GET 200 https://registry.npmjs.org/ajv 54ms (cache revalidated)
npm http fetch GET 200 https://registry.npmjs.org/pupa 52ms (cache revalidated)
npm http fetch GET 200 https://registry.npmjs.org/is-running 730ms (cache revalidated)
npm http fetch GET 200 https://registry.npmjs.org/temp-fs 731ms (cache revalidated)
npm http fetch GET 200 https://registry.npmjs.org/http-signature 166ms (cache revalidated)
npm http fetch GET 200 https://registry.npmjs.org/boxen 47ms (cache revalidated)
npm http fetch GET 200 https://registry.npmjs.org/combined-stream 170ms (cache revalidated)
npm http fetch GET 200 https://registry.npmjs.org/is-npm 49ms (cache revalidated)
npm http fetch GET 200 https://registry.npmjs.org/har-validator 185ms (cache revalidated)
npm http fetch GET 200 https://registry.npmjs.org/is-typedarray 185ms (cache revalidated)
npm http fetch GET 200 https://registry.npmjs.org/ps-tree 792ms (cache revalidated)
npm http fetch GET 200 https://registry.npmjs.org/semver-diff 45ms (cache revalidated)
npm http fetch GET 200 https://registry.npmjs.org/stack-trace 42ms (cache revalidated)
npm http fetch GET 200 https://registry.npmjs.org/slice-ansi 196ms (cache revalidated)
npm http fetch GET 200 https://registry.npmjs.org/y18n 43ms (cache revalidated)
npm http fetch GET 200 https://registry.npmjs.org/configstore 174ms (cache revalidated)
npm http fetch GET 200 https://registry.npmjs.org/xdg-basedir 170ms (cache revalidated)
npm http fetch GET 200 https://registry.npmjs.org/decamelize 41ms (cache revalidated)
npm http fetch GET 200 https://registry.npmjs.org/import-lazy 208ms (cache revalidated)
npm http fetch GET 200 https://registry.npmjs.org/get-caller-file 46ms (cache revalidated)
npm http fetch GET 200 https://registry.npmjs.org/colors 213ms (cache revalidated)
npm http fetch GET 200 https://registry.npmjs.org/cliui 159ms (cache revalidated)
npm http fetch GET 200 https://registry.npmjs.org/require-main-filename 43ms (cache revalidated)
npm http fetch GET 200 https://registry.npmjs.org/set-blocking 158ms (cache revalidated)
npm http fetch GET 200 https://registry.npmjs.org/workerpool 732ms (cache revalidated)
npm http fetch GET 200 https://registry.npmjs.org/which-module 186ms (cache revalidated)
npm http fetch GET 200 https://registry.npmjs.org/require-directory 181ms (cache revalidated)
npm http fetch GET 200 https://registry.npmjs.org/aws-sign2 723ms (cache revalidated)
npm http fetch GET 200 https://registry.npmjs.org/safe-buffer 739ms (cache revalidated)
npm http fetch GET 200 https://registry.npmjs.org/tunnel-agent 739ms (cache revalidated)
npm http fetch GET 200 https://registry.npmjs.org/latest-version 616ms (cache revalidated)
npm http fetch GET 200 https://registry.npmjs.org/performance-now 776ms (cache revalidated)
npm http fetch GET 200 https://registry.npmjs.org/eyes 732ms (cache revalidated)
npm http fetch GET 200 https://registry.npmjs.org/cycle 742ms (cache revalidated)
npm http fetch GET 200 https://registry.npmjs.org/is-in-ci 812ms (cache revalidated)
npm http fetch GET 200 https://registry.npmjs.org/end-of-stream 60ms (cache revalidated)
npm http fetch GET 200 https://registry.npmjs.org/lodash.defaults 65ms (cache revalidated)
npm http fetch GET 200 https://registry.npmjs.org/lodash.difference 175ms (cache revalidated)
npm http fetch GET 200 https://registry.npmjs.org/util-deprecate 177ms (cache revalidated)
npm http fetch GET 200 https://registry.npmjs.org/bl 179ms (cache revalidated)
npm http fetch GET 200 https://registry.npmjs.org/normalize-path 182ms (cache revalidated)
npm http fetch GET 200 https://registry.npmjs.org/lodash.isplainobject 186ms (cache revalidated)
npm http fetch GET 200 https://registry.npmjs.org/string_decoder 190ms (cache revalidated)
npm http fetch GET 200 https://registry.npmjs.org/compress-commons 192ms (cache revalidated)
npm http fetch GET 200 https://registry.npmjs.org/lazystream 199ms (cache revalidated)
npm http fetch GET 200 https://registry.npmjs.org/lodash.flatten 220ms (cache revalidated)
npm http fetch GET 200 https://registry.npmjs.org/lodash.union 230ms (cache revalidated)
npm http fetch GET 200 https://registry.npmjs.org/fs-constants 244ms (cache revalidated)
npm http fetch GET 200 https://registry.npmjs.org/process-nextick-args 53ms (cache revalidated)
npm http fetch GET 200 https://registry.npmjs.org/core-util-is 57ms (cache revalidated)
npm http fetch GET 200 https://registry.npmjs.org/isarray 176ms (cache revalidated)
npm http fetch GET 200 https://registry.npmjs.org/rimraf 68ms (cache revalidated)
npm http fetch GET 200 https://registry.npmjs.org/event-stream 678ms (cache revalidated)
npm http fetch GET 200 https://registry.npmjs.org/color-convert 162ms (cache revalidated)
npm http fetch GET 200 https://registry.npmjs.org/has-flag 169ms (cache revalidated)
npm http fetch GET 200 https://registry.npmjs.org/color-name 176ms (cache revalidated)
npm http fetch GET 200 https://registry.npmjs.org/is-fullwidth-code-point 52ms (cache revalidated)
npm http fetch GET 200 https://registry.npmjs.org/emoji-regex 177ms (cache revalidated)
npm http fetch GET 200 https://registry.npmjs.org/strip-ansi 190ms (cache revalidated)
npm http fetch GET 200 https://registry.npmjs.org/base64-js 58ms (cache revalidated)
npm http fetch GET 200 https://registry.npmjs.org/get-stream 61ms (cache revalidated)
npm http fetch GET 200 https://registry.npmjs.org/human-signals 64ms (cache revalidated)
npm http fetch GET 200 https://registry.npmjs.org/@colors%2fcolors 98ms (cache revalidated)
npm http fetch GET 200 https://registry.npmjs.org/ci-info 47ms (cache revalidated)
npm http fetch GET 200 https://registry.npmjs.org/at-least-node 53ms (cache revalidated)
npm http fetch GET 200 https://registry.npmjs.org/global-dirs 40ms (cache revalidated)
npm http fetch GET 200 https://registry.npmjs.org/is-path-inside 40ms (cache revalidated)
npm http fetch GET 200 https://registry.npmjs.org/rfdc 44ms (cache revalidated)
npm http fetch GET 200 https://registry.npmjs.org/npm-run-path 171ms (cache revalidated)
npm http fetch GET 200 https://registry.npmjs.org/get-stream 173ms (cache revalidated)
npm http fetch GET 200 https://registry.npmjs.org/cross-spawn 178ms (cache revalidated)
npm http fetch GET 200 https://registry.npmjs.org/strip-final-newline 181ms (cache revalidated)
npm http fetch GET 200 https://registry.npmjs.org/merge-stream 185ms (cache revalidated)
npm http fetch GET 200 https://registry.npmjs.org/rxjs 49ms (cache revalidated)
npm http fetch GET 200 https://registry.npmjs.org/is-stream 194ms (cache revalidated)
npm http fetch GET 200 https://registry.npmjs.org/p-map 47ms (cache revalidated)
npm http fetch GET 200 https://registry.npmjs.org/onetime 211ms (cache revalidated)
npm http fetch GET 200 https://registry.npmjs.org/through 51ms (cache revalidated)
npm http fetch GET 200 https://registry.npmjs.org/lodash.once 249ms (cache revalidated)
npm http fetch GET 200 https://registry.npmjs.org/throttleit 67ms (cache revalidated)
npm http fetch GET 200 https://registry.npmjs.org/signal-exit 279ms (cache revalidated)
npm http fetch GET 200 https://registry.npmjs.org/colorette 172ms (cache revalidated)
npm http fetch GET 200 https://registry.npmjs.org/wrap-ansi 171ms (cache revalidated)
npm http fetch GET 200 https://registry.npmjs.org/cli-truncate 174ms (cache revalidated)
npm http fetch GET 200 https://registry.npmjs.org/fd-slicer 165ms (cache revalidated)
npm http fetch GET 200 https://registry.npmjs.org/is-unicode-supported 184ms (cache revalidated)
npm http fetch GET 200 https://registry.npmjs.org/@types%2fyauzl 355ms (cache revalidated)
npm http fetch GET 200 https://registry.npmjs.org/ieee754 745ms (cache revalidated)
npm http fetch GET 200 https://registry.npmjs.org/restore-cursor 750ms (cache revalidated)
npm http fetch GET 200 https://registry.npmjs.org/log-update 735ms (cache revalidated)
npm http fetch GET 200 https://registry.npmjs.org/assert-plus 59ms (cache revalidated)
npm http fetch GET 200 https://registry.npmjs.org/mime-db 64ms (cache revalidated)
npm http fetch GET 200 https://registry.npmjs.org/punycode 177ms (cache revalidated)
npm http fetch GET 200 https://registry.npmjs.org/url-parse 183ms (cache revalidated)
npm http fetch GET 200 https://registry.npmjs.org/sshpk 191ms (cache revalidated)
npm http fetch GET 200 https://registry.npmjs.org/asynckit 195ms (cache revalidated)
npm http fetch GET 200 https://registry.npmjs.org/side-channel 197ms (cache revalidated)
npm http fetch GET 200 https://registry.npmjs.org/psl 198ms (cache revalidated)
npm http fetch GET 200 https://registry.npmjs.org/delayed-stream 236ms (cache revalidated)
npm http fetch GET 200 https://registry.npmjs.org/jsprim 743ms (cache revalidated)
npm http fetch GET 200 https://registry.npmjs.org/lodash.isstring 74ms (cache revalidated)
npm http fetch GET 200 https://registry.npmjs.org/prop-types 74ms (cache revalidated)
npm http fetch GET 200 https://registry.npmjs.org/fsu 177ms (cache revalidated)
npm http fetch GET 200 https://registry.npmjs.org/lodash.isobject 182ms (cache revalidated)
npm http fetch GET 200 https://registry.npmjs.org/escape-html 185ms (cache revalidated)
npm http fetch GET 200 https://registry.npmjs.org/lodash.isfunction 195ms (cache revalidated)
npm http fetch GET 200 https://registry.npmjs.org/tcomb 193ms (cache revalidated)
npm http fetch GET 200 https://registry.npmjs.org/tcomb-validation 195ms (cache revalidated)
npm http fetch GET 200 https://registry.npmjs.org/dateformat 216ms (cache revalidated)
npm http fetch GET 200 https://registry.npmjs.org/validator 274ms (cache revalidated)
npm http fetch GET 200 https://registry.npmjs.org/lodash.isempty 753ms (cache revalidated)
npm http fetch GET 200 https://registry.npmjs.org/opener 767ms (cache revalidated)
npm http fetch GET 200 https://registry.npmjs.org/file-type 55ms (cache revalidated)
npm http fetch GET 200 https://registry.npmjs.org/file-type 58ms (cache revalidated)
npm http fetch GET 200 https://registry.npmjs.org/unbzip2-stream 177ms (cache revalidated)
npm http fetch GET 200 https://registry.npmjs.org/file-type 187ms (cache revalidated)
npm http fetch GET 200 https://registry.npmjs.org/is-natural-number 189ms (cache revalidated)
npm http fetch GET 200 https://registry.npmjs.org/seek-bzip 228ms (cache revalidated)
npm http fetch GET 200 https://registry.npmjs.org/to-buffer 177ms (cache revalidated)
npm http fetch GET 200 https://registry.npmjs.org/buffer-alloc 202ms (cache revalidated)
npm http fetch GET 200 https://registry.npmjs.org/xtend 202ms (cache revalidated)
npm http fetch GET 200 https://registry.npmjs.org/pinkie-promise 176ms (cache revalidated)
npm http fetch GET 200 https://registry.npmjs.org/object-assign 187ms (cache revalidated)
npm http fetch GET 200 https://registry.npmjs.org/ansi-regex 176ms (cache revalidated)
npm http fetch GET 200 https://registry.npmjs.org/which 56ms (cache revalidated)
npm http fetch GET 200 https://registry.npmjs.org/path-key 68ms (cache revalidated)
npm http fetch GET 200 https://registry.npmjs.org/shebang-command 170ms (cache revalidated)
npm http fetch GET 200 https://registry.npmjs.org/pump 170ms (cache revalidated)
npm http fetch GET 200 https://registry.npmjs.org/mimic-fn 195ms (cache revalidated)
npm http fetch GET 200 https://registry.npmjs.org/path-key 205ms (cache revalidated)
npm http fetch GET 200 https://registry.npmjs.org/shebang-regex 164ms (cache revalidated)
npm http fetch GET 200 https://registry.npmjs.org/isexe 167ms (cache revalidated)
npm http fetch GET 200 https://registry.npmjs.org/undici-types 231ms (cache revalidated)
npm http fetch GET 200 https://registry.npmjs.org/pinkie 157ms (cache revalidated)
npm http fetch GET 200 https://registry.npmjs.org/brace-expansion 55ms (cache revalidated)
npm http fetch GET 200 https://registry.npmjs.org/wrappy 176ms (cache revalidated)
npm http fetch GET 200 https://registry.npmjs.org/ecc-jsbn 51ms (cache revalidated)
npm http fetch GET 200 https://registry.npmjs.org/verror 59ms (cache revalidated)
npm http fetch GET 200 https://registry.npmjs.org/getpass 61ms (cache revalidated)
npm http fetch GET 200 https://registry.npmjs.org/bcrypt-pbkdf 171ms (cache revalidated)
npm http fetch GET 200 https://registry.npmjs.org/safer-buffer 176ms (cache revalidated)
npm http fetch GET 200 https://registry.npmjs.org/tweetnacl 181ms (cache revalidated)
npm http fetch GET 200 https://registry.npmjs.org/asn1 186ms (cache revalidated)
npm http fetch GET 200 https://registry.npmjs.org/json-schema 198ms (cache revalidated)
npm http fetch GET 200 https://registry.npmjs.org/dashdash 208ms (cache revalidated)
npm http fetch GET 200 https://registry.npmjs.org/jsbn 223ms (cache revalidated)
npm http fetch GET 200 https://registry.npmjs.org/extsprintf 722ms (cache revalidated)
npm http fetch GET 200 https://registry.npmjs.org/tslib 57ms (cache revalidated)
npm http fetch GET 200 https://registry.npmjs.org/ansi-escapes 174ms (cache revalidated)
npm http fetch GET 200 https://registry.npmjs.org/aggregate-error 221ms (cache revalidated)
npm http fetch GET 200 https://registry.npmjs.org/astral-regex 789ms (cache revalidated)
npm http fetch GET 200 https://registry.npmjs.org/type-fest 175ms (cache revalidated)
npm http fetch GET 200 https://registry.npmjs.org/balanced-match 52ms (cache revalidated)
npm http fetch GET 200 https://registry.npmjs.org/concat-map 54ms (cache revalidated)
npm http fetch GET 200 https://registry.npmjs.org/anymatch 61ms (cache revalidated)
npm http fetch GET 200 https://registry.npmjs.org/flat 63ms (cache revalidated)
npm http fetch GET 200 https://registry.npmjs.org/locate-path 67ms (cache revalidated)
npm http fetch GET 200 https://registry.npmjs.org/is-plain-obj 69ms (cache revalidated)
npm http fetch GET 200 https://registry.npmjs.org/fsevents 73ms (cache revalidated)
npm http fetch GET 200 https://registry.npmjs.org/readdirp 172ms (cache revalidated)
npm http fetch GET 200 https://registry.npmjs.org/camelcase 172ms (cache revalidated)
npm http fetch GET 200 https://registry.npmjs.org/escalade 175ms (cache revalidated)
npm http fetch GET 200 https://registry.npmjs.org/is-binary-path 181ms (cache revalidated)
npm http fetch GET 200 https://registry.npmjs.org/braces 182ms (cache revalidated)
npm http fetch GET 200 https://registry.npmjs.org/is-glob 183ms (cache revalidated)
npm http fetch GET 200 https://registry.npmjs.org/argparse 191ms (cache revalidated)
npm http fetch GET 200 https://registry.npmjs.org/glob-parent 205ms (cache revalidated)
npm http fetch GET 200 https://registry.npmjs.org/path-exists 206ms (cache revalidated)
npm http fetch GET 200 https://registry.npmjs.org/randombytes 240ms (cache revalidated)
npm http fetch GET 200 https://registry.npmjs.org/fill-range 44ms (cache revalidated)
npm http fetch GET 200 https://registry.npmjs.org/picomatch 49ms (cache revalidated)
npm http fetch GET 200 https://registry.npmjs.org/picomatch 50ms (cache revalidated)
npm http fetch GET 200 https://registry.npmjs.org/is-extglob 55ms (cache revalidated)
npm http fetch GET 200 https://registry.npmjs.org/binary-extensions 205ms (cache revalidated)
npm http fetch GET 200 https://registry.npmjs.org/to-regex-range 158ms (cache revalidated)
npm http fetch GET 200 https://registry.npmjs.org/is-number 165ms (cache revalidated)
npm http fetch GET 200 https://registry.npmjs.org/p-locate 183ms (cache revalidated)
npm http fetch GET 200 https://registry.npmjs.org/p-limit 178ms (cache revalidated)
npm http fetch GET 200 https://registry.npmjs.org/loose-envify 189ms (cache revalidated)
npm http fetch GET 200 https://registry.npmjs.org/react-is 426ms (cache updated)
npm http fetch GET 200 https://registry.npmjs.org/easy-stack 191ms (cache revalidated)
npm http fetch GET 200 https://registry.npmjs.org/yocto-queue 209ms (cache revalidated)
npm http fetch GET 200 https://registry.npmjs.org/clean-stack 156ms (cache revalidated)
npm http fetch GET 200 https://registry.npmjs.org/indent-string 250ms (cache revalidated)
npm http fetch GET 200 https://registry.npmjs.org/js-tokens 177ms (cache revalidated)
npm http fetch GET 200 https://registry.npmjs.org/from 53ms (cache revalidated)
npm http fetch GET 200 https://registry.npmjs.org/duplexer 58ms (cache revalidated)
npm http fetch GET 200 https://registry.npmjs.org/split 171ms (cache revalidated)
npm http fetch GET 200 https://registry.npmjs.org/stream-combiner 184ms (cache revalidated)
npm http fetch GET 200 https://registry.npmjs.org/map-stream 192ms (cache revalidated)
npm http fetch GET 200 https://registry.npmjs.org/pause-stream 813ms (cache revalidated)
npm http fetch GET 200 https://registry.npmjs.org/get-intrinsic 175ms (cache revalidated)
npm http fetch GET 200 https://registry.npmjs.org/es-errors 181ms (cache revalidated)
npm http fetch GET 200 https://registry.npmjs.org/object-inspect 182ms (cache revalidated)
npm http fetch GET 200 https://registry.npmjs.org/call-bind 196ms (cache revalidated)
npm http fetch GET 200 https://registry.npmjs.org/har-schema 171ms (cache revalidated)
npm http fetch GET 200 https://registry.npmjs.org/uri-js 174ms (cache revalidated)
npm http fetch GET 200 https://registry.npmjs.org/fast-deep-equal 175ms (cache revalidated)
npm http fetch GET 200 https://registry.npmjs.org/json-schema-traverse 203ms (cache revalidated)
npm http fetch GET 200 https://registry.npmjs.org/fast-json-stable-stringify 236ms (cache revalidated)
npm http fetch GET 200 https://registry.npmjs.org/has-proto 49ms (cache revalidated)
npm http fetch GET 200 https://registry.npmjs.org/set-function-length 58ms (cache revalidated)
npm http fetch GET 200 https://registry.npmjs.org/hasown 58ms (cache revalidated)
npm http fetch GET 200 https://registry.npmjs.org/function-bind 93ms (cache revalidated)
npm http fetch GET 200 https://registry.npmjs.org/es-define-property 171ms (cache revalidated)
npm http fetch GET 200 https://registry.npmjs.org/has-symbols 188ms (cache revalidated)
npm http fetch GET 200 https://registry.npmjs.org/define-data-property 165ms (cache revalidated)
npm http fetch GET 200 https://registry.npmjs.org/has-property-descriptors 169ms (cache revalidated)
npm http fetch GET 200 https://registry.npmjs.org/gopd 171ms (cache revalidated)
npm http fetch GET 200 https://registry.npmjs.org/requires-port 50ms (cache revalidated)
npm http fetch GET 200 https://registry.npmjs.org/querystringify 179ms (cache revalidated)
npm http fetch GET 200 https://registry.npmjs.org/unique-string 58ms (cache revalidated)
npm http fetch GET 200 https://registry.npmjs.org/ansi-align 60ms (cache revalidated)
npm http fetch GET 200 https://registry.npmjs.org/write-file-atomic 161ms (cache revalidated)
npm http fetch GET 200 https://registry.npmjs.org/package-json 173ms (cache revalidated)
npm http fetch GET 200 https://registry.npmjs.org/escape-goat 174ms (cache revalidated)
npm http fetch GET 200 https://registry.npmjs.org/dot-prop 178ms (cache revalidated)
npm http fetch GET 200 https://registry.npmjs.org/cli-boxes 208ms (cache revalidated)
npm http fetch GET 200 https://registry.npmjs.org/widest-line 234ms (cache revalidated)
npm http fetch GET 200 https://registry.npmjs.org/eastasianwidth 179ms (cache revalidated)
npm http fetch GET 200 https://registry.npmjs.org/is-obj 171ms (cache revalidated)
npm http fetch GET 200 https://registry.npmjs.org/imurmurhash 171ms (cache revalidated)
npm http fetch GET 200 https://registry.npmjs.org/crypto-random-string 200ms (cache revalidated)
npm http fetch GET 200 https://registry.npmjs.org/typedarray-to-buffer 741ms (cache revalidated)
npm http fetch GET 200 https://registry.npmjs.org/got 74ms (cache revalidated)
npm http fetch GET 200 https://registry.npmjs.org/registry-url 176ms (cache revalidated)
npm http fetch GET 200 https://registry.npmjs.org/registry-auth-token 183ms (cache revalidated)
npm http fetch GET 200 https://registry.npmjs.org/p-cancelable 56ms (cache revalidated)
npm http fetch GET 200 https://registry.npmjs.org/cacheable-lookup 169ms (cache revalidated)
npm http fetch GET 200 https://registry.npmjs.org/rc 175ms (cache revalidated)
npm http fetch GET 200 https://registry.npmjs.org/http2-wrapper 185ms (cache revalidated)
npm http fetch GET 200 https://registry.npmjs.org/decompress-response 190ms (cache revalidated)
npm http fetch GET 200 https://registry.npmjs.org/cacheable-request 198ms (cache revalidated)
npm http fetch GET 200 https://registry.npmjs.org/lowercase-keys 206ms (cache revalidated)
npm http fetch GET 200 https://registry.npmjs.org/responselike 239ms (cache revalidated)
npm http fetch GET 200 https://registry.npmjs.org/form-data-encoder 288ms (cache revalidated)
npm http fetch GET 200 https://registry.npmjs.org/@sindresorhus%2fis 372ms (cache revalidated)
npm http fetch GET 200 https://registry.npmjs.org/@szmarczak%2fhttp-timer 545ms (cache revalidated)
npm http fetch GET 200 https://registry.npmjs.org/@pnpm%2fnpm-conf 582ms (cache revalidated)
npm http fetch GET 200 https://registry.npmjs.org/http-cache-semantics 58ms (cache revalidated)
npm http fetch GET 200 https://registry.npmjs.org/defer-to-connect 70ms (cache revalidated)
npm http fetch GET 200 https://registry.npmjs.org/@types%2fhttp-cache-semantics 84ms (cache revalidated)
npm http fetch GET 200 https://registry.npmjs.org/normalize-url 173ms (cache revalidated)
npm http fetch GET 200 https://registry.npmjs.org/quick-lru 183ms (cache revalidated)
npm http fetch GET 200 https://registry.npmjs.org/mimic-response 189ms (cache revalidated)
npm http fetch GET 200 https://registry.npmjs.org/mimic-response 189ms (cache revalidated)
npm http fetch GET 200 https://registry.npmjs.org/keyv 194ms (cache revalidated)
npm http fetch GET 200 https://registry.npmjs.org/resolve-alpn 766ms (cache revalidated)
npm http fetch GET 200 https://registry.npmjs.org/json-buffer 172ms (cache revalidated)
npm http fetch GET 200 https://registry.npmjs.org/config-chain 193ms (cache revalidated)
npm http fetch GET 200 https://registry.npmjs.org/@pnpm%2fnetwork.ca-file 510ms (cache revalidated)
npm http fetch GET 200 https://registry.npmjs.org/@pnpm%2fconfig.env-replace 1138ms (cache revalidated)
npm http fetch GET 200 https://registry.npmjs.org/proto-list 1199ms (cache revalidated)
npm http fetch GET 200 https://registry.npmjs.org/deep-extend 503ms (cache revalidated)
npm http fetch GET 200 https://registry.npmjs.org/pend 177ms (cache revalidated)
npm http fetch GET 200 https://registry.npmjs.org/crc32-stream 65ms (cache revalidated)
npm http fetch GET 200 https://registry.npmjs.org/crc-32 46ms (cache revalidated)
npm http fetch GET 200 https://registry.npmjs.org/buffer-fill 203ms (cache revalidated)
npm http fetch GET 200 https://registry.npmjs.org/buffer-alloc-unsafe 724ms (cache revalidated)
npm http fetch GET 200 https://registry.npmjs.org/p-try 44ms (cache revalidated)
npm verb reify failed optional dependency C:\Users\Chris\Documents\PÓS Automação\Web\tmpBstackPackages\node_modules\fsevents
npm WARN deprecated inflight@1.0.6: This module is not supported, and leaks memory. Do not use it. Check out lru-cache if you want a good and tested way to coalesce async requests by a key value, which is much more comprehensive and powerful.
npm WARN deprecated rimraf@2.5.4: Rimraf versions prior to v4 are no longer supported
npm WARN deprecated har-validator@5.1.5: this library is no longer supported
npm WARN deprecated glob@7.2.3: Glob versions prior to v9 are no longer supported
npm WARN deprecated glob@8.1.0: Glob versions prior to v9 are no longer supported
npm WARN deprecated uuid@3.4.0: Please upgrade  to version 7 or higher.  Older versions may use Math.random() in certain circumstances, which is known to be problematic.  See https://v8.dev/blog/math-random for details.
npm WARN deprecated request@2.88.2: request has been deprecated, see https://github.com/request/request/issues/3142
npm http fetch POST 200 https://registry.npmjs.org/-/npm/v1/security/advisories/bulk 1372ms
npm info run cypress@13.13.2 postinstall node_modules/cypress node index.js --exec install
npm info run cypress@13.13.2 postinstall { code: 0, signal: null }

added 501 packages, and audited 502 packages in 32s

96 packages are looking for funding
  run `npm fund` for details

3 moderate severity vulnerabilities

To address all issues (including breaking changes), run:
  npm audit fix --force

Run `npm audit` for details.
npm verb exit 0
npm info ok 
